#-----------------------------------------------------------
# Vivado v2018.2 (64-bit)
# SW Build 2258646 on Thu Jun 14 20:02:38 MDT 2018
# IP Build 2256618 on Thu Jun 14 22:10:49 MDT 2018
# Start of session at: Wed Sep 26 19:04:48 2018
# Process ID: 3535
# Current directory: /home/comparch/CompArch_HW/Lab0
# Command line: vivado
# Log file: /home/comparch/CompArch_HW/Lab0/vivado.log
# Journal file: /home/comparch/CompArch_HW/Lab0/vivado.jou
#-----------------------------------------------------------
start_gui
open_project /home/comparch/CompArch_HW/Lab0/lab0/lab0.xpr
Scanning sources...
Finished scanning sources
INFO: [IP_Flow 19-234] Refreshing IP repositories
INFO: [IP_Flow 19-1704] No user IP repositories specified
INFO: [IP_Flow 19-2313] Loaded Vivado IP repository '/opt/Xilinx/Vivado/2018.2/data/ip'.
open_project: Time (s): cpu = 00:00:10 ; elapsed = 00:00:17 . Memory (MB): peak = 5962.453 ; gain = 71.105 ; free physical = 921 ; free virtual = 3288
update_compile_order -fileset sources_1
export_ip_user_files -of_objects  [get_files /home/comparch/CompArch_HW/Lab0/lab0/lab0.srcs/sources_1/imports/Lab0/lab0_wrapper.v] -no_script -reset -force -quiet
remove_files  /home/comparch/CompArch_HW/Lab0/lab0/lab0.srcs/sources_1/imports/Lab0/lab0_wrapper.v
import_files -force -norecurse /home/comparch/CompArch_HW/Lab0/lab0_wrapper.v
reset_run synth_1
launch_runs synth_1
[Wed Sep 26 19:19:58 2018] Launched synth_1...
Run output will be captured here: /home/comparch/CompArch_HW/Lab0/lab0/lab0.runs/synth_1/runme.log
reset_run synth_1
launch_runs synth_1
[Wed Sep 26 19:26:17 2018] Launched synth_1...
Run output will be captured here: /home/comparch/CompArch_HW/Lab0/lab0/lab0.runs/synth_1/runme.log
update_files -from_files /home/comparch/CompArch_HW/Lab0/lab0_wrapper.v -to_files /home/comparch/CompArch_HW/Lab0/lab0/lab0.srcs/sources_1/imports/Lab0/lab0_wrapper.v -filesets [get_filesets *]
INFO: [filemgmt 20-762] Replacing file '/home/comparch/CompArch_HW/Lab0/lab0/lab0.srcs/sources_1/imports/Lab0/lab0_wrapper.v' with file '/home/comparch/CompArch_HW/Lab0/lab0_wrapper.v'.
INFO: [filemgmt 20-1080] Importing file from '/home/comparch/CompArch_HW/Lab0/lab0_wrapper.v' to '/home/comparch/CompArch_HW/Lab0/lab0/lab0.srcs/sources_1/imports/Lab0/lab0_wrapper.v'.
reset_run synth_1
launch_runs synth_1
[Wed Sep 26 19:27:55 2018] Launched synth_1...
Run output will be captured here: /home/comparch/CompArch_HW/Lab0/lab0/lab0.runs/synth_1/runme.log
update_files -from_files /home/comparch/CompArch_HW/Lab0/lab0_wrapper.v -to_files /home/comparch/CompArch_HW/Lab0/lab0/lab0.srcs/sources_1/imports/Lab0/lab0_wrapper.v -filesets [get_filesets *]
INFO: [filemgmt 20-762] Replacing file '/home/comparch/CompArch_HW/Lab0/lab0/lab0.srcs/sources_1/imports/Lab0/lab0_wrapper.v' with file '/home/comparch/CompArch_HW/Lab0/lab0_wrapper.v'.
INFO: [filemgmt 20-1080] Importing file from '/home/comparch/CompArch_HW/Lab0/lab0_wrapper.v' to '/home/comparch/CompArch_HW/Lab0/lab0/lab0.srcs/sources_1/imports/Lab0/lab0_wrapper.v'.
import_files -norecurse /home/comparch/CompArch_HW/Lab0/adder.v
update_files -from_files /home/comparch/CompArch_HW/Lab0/lab0_wrapper.v -to_files /home/comparch/CompArch_HW/Lab0/lab0/lab0.srcs/sources_1/imports/Lab0/lab0_wrapper.v -filesets [get_filesets *]
INFO: [filemgmt 20-762] Replacing file '/home/comparch/CompArch_HW/Lab0/lab0/lab0.srcs/sources_1/imports/Lab0/lab0_wrapper.v' with file '/home/comparch/CompArch_HW/Lab0/lab0_wrapper.v'.
INFO: [filemgmt 20-1080] Importing file from '/home/comparch/CompArch_HW/Lab0/lab0_wrapper.v' to '/home/comparch/CompArch_HW/Lab0/lab0/lab0.srcs/sources_1/imports/Lab0/lab0_wrapper.v'.
update_compile_order -fileset sources_1
reset_run synth_1
launch_runs synth_1
WARNING: [HDL 9-2994] overwriting previous definition of module behavioralFullAdder [adder.v:6]
WARNING: [HDL 9-2994] overwriting previous definition of module structuralFullAdder [adder.v:18]
WARNING: [HDL 9-2994] overwriting previous definition of module FullAdder4bit [adder.v:34]
WARNING: [filemgmt 20-1318] Duplicate Design Unit 'behavioralFullAdder()' found in library 'xil_defaultlib'
Duplicate found at line 6 of file /home/comparch/CompArch_HW/Lab0/lab0/lab0.srcs/sources_1/imports/Lab0/adder.v
Duplicate found at line 6 of file /home/comparch/CompArch_HW/Lab0/lab0/lab0.srcs/sources_1/imports/Lab0/lab0_wrapper.v
WARNING: [filemgmt 20-1318] Duplicate Design Unit 'structuralFullAdder()' found in library 'xil_defaultlib'
Duplicate found at line 18 of file /home/comparch/CompArch_HW/Lab0/lab0/lab0.srcs/sources_1/imports/Lab0/adder.v
Duplicate found at line 18 of file /home/comparch/CompArch_HW/Lab0/lab0/lab0.srcs/sources_1/imports/Lab0/lab0_wrapper.v
WARNING: [filemgmt 20-1318] Duplicate Design Unit 'FullAdder4bit()' found in library 'xil_defaultlib'
Duplicate found at line 34 of file /home/comparch/CompArch_HW/Lab0/lab0/lab0.srcs/sources_1/imports/Lab0/adder.v
Duplicate found at line 34 of file /home/comparch/CompArch_HW/Lab0/lab0/lab0.srcs/sources_1/imports/Lab0/lab0_wrapper.v
[Wed Sep 26 19:31:07 2018] Launched synth_1...
Run output will be captured here: /home/comparch/CompArch_HW/Lab0/lab0/lab0.runs/synth_1/runme.log
export_ip_user_files -of_objects  [get_files /home/comparch/CompArch_HW/Lab0/lab0/lab0.srcs/sources_1/imports/Lab0/lab0_wrapper.v] -no_script -reset -force -quiet
remove_files  /home/comparch/CompArch_HW/Lab0/lab0/lab0.srcs/sources_1/imports/Lab0/lab0_wrapper.v
file delete -force /home/comparch/CompArch_HW/Lab0/lab0/lab0.srcs/sources_1/imports/Lab0/lab0_wrapper.v
export_ip_user_files -of_objects  [get_files /home/comparch/CompArch_HW/Lab0/lab0/lab0.srcs/sources_1/imports/Lab0/adder.v] -no_script -reset -force -quiet
remove_files  /home/comparch/CompArch_HW/Lab0/lab0/lab0.srcs/sources_1/imports/Lab0/adder.v
file delete -force /home/comparch/CompArch_HW/Lab0/lab0/lab0.srcs/sources_1/imports/Lab0/adder.v
import_files -norecurse {/home/comparch/CompArch_HW/Lab0/lab0_wrapper.v /home/comparch/CompArch_HW/Lab0/adder.v}
update_compile_order -fileset sources_1
export_ip_user_files -of_objects  [get_files /home/comparch/CompArch_HW/Lab0/lab0/lab0.srcs/sources_1/imports/Lab0/adder.v] -no_script -reset -force -quiet
remove_files  /home/comparch/CompArch_HW/Lab0/lab0/lab0.srcs/sources_1/imports/Lab0/adder.v
file delete -force /home/comparch/CompArch_HW/Lab0/lab0/lab0.srcs/sources_1/imports/Lab0/adder.v
reset_run synth_1
launch_runs synth_1
[Wed Sep 26 19:41:11 2018] Launched synth_1...
Run output will be captured here: /home/comparch/CompArch_HW/Lab0/lab0/lab0.runs/synth_1/runme.log
import_files -norecurse /home/comparch/CompArch_HW/Lab0/adder.v
update_compile_order -fileset sources_1
update_files -from_files /home/comparch/CompArch_HW/Lab0/lab0_wrapper.v -to_files /home/comparch/CompArch_HW/Lab0/lab0/lab0.srcs/sources_1/imports/Lab0/lab0_wrapper.v -filesets [get_filesets *]
INFO: [filemgmt 20-762] Replacing file '/home/comparch/CompArch_HW/Lab0/lab0/lab0.srcs/sources_1/imports/Lab0/lab0_wrapper.v' with file '/home/comparch/CompArch_HW/Lab0/lab0_wrapper.v'.
INFO: [filemgmt 20-1080] Importing file from '/home/comparch/CompArch_HW/Lab0/lab0_wrapper.v' to '/home/comparch/CompArch_HW/Lab0/lab0/lab0.srcs/sources_1/imports/Lab0/lab0_wrapper.v'.
reset_run synth_1
launch_runs synth_1
[Wed Sep 26 19:49:13 2018] Launched synth_1...
Run output will be captured here: /home/comparch/CompArch_HW/Lab0/lab0/lab0.runs/synth_1/runme.log
launch_runs impl_1
[Wed Sep 26 19:51:41 2018] Launched impl_1...
Run output will be captured here: /home/comparch/CompArch_HW/Lab0/lab0/lab0.runs/impl_1/runme.log
launch_runs impl_1 -to_step write_bitstream
[Wed Sep 26 19:54:24 2018] Launched impl_1...
Run output will be captured here: /home/comparch/CompArch_HW/Lab0/lab0/lab0.runs/impl_1/runme.log
open_hw
connect_hw_server
INFO: [Labtools 27-2285] Connecting to hw_server url TCP:localhost:3121
INFO: [Labtools 27-2222] Launching hw_server...
INFO: [Labtools 27-2221] Launch Output:

****** Xilinx hw_server v2018.2
  **** Build date : Jun 14 2018-20:18:37
    ** Copyright 1986-2018 Xilinx, Inc. All Rights Reserved.


open_hw_target
INFO: [Labtoolstcl 44-466] Opening hw_target localhost:3121/xilinx_tcf/Digilent/210279651546A
open_hw_target: Time (s): cpu = 00:00:01 ; elapsed = 00:00:06 . Memory (MB): peak = 6844.953 ; gain = 528.031 ; free physical = 653 ; free virtual = 2595
set_property PROGRAM.FILE {/home/comparch/CompArch_HW/Lab0/lab0/lab0.runs/impl_1/lab0_wrapper.bit} [get_hw_devices xc7z010_1]
current_hw_device [get_hw_devices xc7z010_1]
refresh_hw_device -update_hw_probes false [lindex [get_hw_devices xc7z010_1] 0]
INFO: [Labtools 27-1434] Device xc7z010 (JTAG device index = 1) is programmed with a design that has no supported debug core(s) in it.
WARNING: [Labtools 27-3361] The debug hub core was not detected.
Resolution: 
1. Make sure the clock connected to the debug hub (dbg_hub) core is a free running clock and is active.
2. Make sure the BSCAN_SWITCH_USER_MASK device property in Vivado Hardware Manager reflects the user scan chain setting in the design and refresh the device.  To determine the user scan chain setting in the design, open the implemented design and use 'get_property C_USER_SCAN_CHAIN [get_debug_cores dbg_hub]'.
For more details on setting the scan chain property, consult the Vivado Debug and Programming User Guide (UG908).
set_property PROBES.FILE {} [get_hw_devices xc7z010_1]
set_property FULL_PROBES.FILE {} [get_hw_devices xc7z010_1]
set_property PROGRAM.FILE {/home/comparch/CompArch_HW/Lab0/lab0/lab0.runs/impl_1/lab0_wrapper.bit} [get_hw_devices xc7z010_1]
program_hw_devices [get_hw_devices xc7z010_1]
INFO: [Labtools 27-3164] End of startup status: HIGH
refresh_hw_device [lindex [get_hw_devices xc7z010_1] 0]
INFO: [Labtools 27-1434] Device xc7z010 (JTAG device index = 1) is programmed with a design that has no supported debug core(s) in it.
WARNING: [Labtools 27-3361] The debug hub core was not detected.
Resolution: 
1. Make sure the clock connected to the debug hub (dbg_hub) core is a free running clock and is active.
2. Make sure the BSCAN_SWITCH_USER_MASK device property in Vivado Hardware Manager reflects the user scan chain setting in the design and refresh the device.  To determine the user scan chain setting in the design, open the implemented design and use 'get_property C_USER_SCAN_CHAIN [get_debug_cores dbg_hub]'.
For more details on setting the scan chain property, consult the Vivado Debug and Programming User Guide (UG908).
ERROR: [Labtoolstcl 44-513] HW Target shutdown. Closing target: localhost:3121/xilinx_tcf/Digilent/210279651546A
INFO: [Labtoolstcl 44-466] Opening hw_target localhost:3121/xilinx_tcf/Digilent/210279651546A
WARNING: [Labtoolstcl 44-129] No matching hw_ila_data was found.
INFO: [Labtools 27-1434] Device xc7z010 (JTAG device index = 1) is programmed with a design that has no supported debug core(s) in it.
WARNING: [Labtools 27-3361] The debug hub core was not detected.
Resolution: 
1. Make sure the clock connected to the debug hub (dbg_hub) core is a free running clock and is active.
2. Make sure the BSCAN_SWITCH_USER_MASK device property in Vivado Hardware Manager reflects the user scan chain setting in the design and refresh the device.  To determine the user scan chain setting in the design, open the implemented design and use 'get_property C_USER_SCAN_CHAIN [get_debug_cores dbg_hub]'.
For more details on setting the scan chain property, consult the Vivado Debug and Programming User Guide (UG908).
WARNING: [Labtoolstcl 44-129] No matching hw_ila_data was found.
set_property PROBES.FILE {} [get_hw_devices xc7z010_1]
set_property FULL_PROBES.FILE {} [get_hw_devices xc7z010_1]
set_property PROGRAM.FILE {/home/comparch/CompArch_HW/Lab0/lab0/lab0.runs/impl_1/lab0_wrapper.bit} [get_hw_devices xc7z010_1]
program_hw_devices [get_hw_devices xc7z010_1]
INFO: [Labtools 27-3164] End of startup status: HIGH
refresh_hw_device [lindex [get_hw_devices xc7z010_1] 0]
INFO: [Labtools 27-1434] Device xc7z010 (JTAG device index = 1) is programmed with a design that has no supported debug core(s) in it.
WARNING: [Labtools 27-3361] The debug hub core was not detected.
Resolution: 
1. Make sure the clock connected to the debug hub (dbg_hub) core is a free running clock and is active.
2. Make sure the BSCAN_SWITCH_USER_MASK device property in Vivado Hardware Manager reflects the user scan chain setting in the design and refresh the device.  To determine the user scan chain setting in the design, open the implemented design and use 'get_property C_USER_SCAN_CHAIN [get_debug_cores dbg_hub]'.
For more details on setting the scan chain property, consult the Vivado Debug and Programming User Guide (UG908).
ERROR: [Labtoolstcl 44-513] HW Target shutdown. Closing target: localhost:3121/xilinx_tcf/Digilent/210279651546A
disconnect_hw_server localhost:3121
connect_hw_server
INFO: [Labtools 27-2285] Connecting to hw_server url TCP:localhost:3121
open_hw_target
INFO: [Labtoolstcl 44-466] Opening hw_target localhost:3121/xilinx_tcf/Digilent/210279651546A
set_property PROGRAM.FILE {/home/comparch/CompArch_HW/Lab0/lab0/lab0.runs/impl_1/lab0_wrapper.bit} [get_hw_devices xc7z010_1]
current_hw_device [get_hw_devices xc7z010_1]
refresh_hw_device -update_hw_probes false [lindex [get_hw_devices xc7z010_1] 0]
INFO: [Labtools 27-1434] Device xc7z010 (JTAG device index = 1) is programmed with a design that has no supported debug core(s) in it.
WARNING: [Labtools 27-3361] The debug hub core was not detected.
Resolution: 
1. Make sure the clock connected to the debug hub (dbg_hub) core is a free running clock and is active.
2. Make sure the BSCAN_SWITCH_USER_MASK device property in Vivado Hardware Manager reflects the user scan chain setting in the design and refresh the device.  To determine the user scan chain setting in the design, open the implemented design and use 'get_property C_USER_SCAN_CHAIN [get_debug_cores dbg_hub]'.
For more details on setting the scan chain property, consult the Vivado Debug and Programming User Guide (UG908).
