
*** Running vivado
    with args -log hw_wrapper.vds -m64 -product Vivado -mode batch -messageDb vivado.pb -notrace -source hw_wrapper.tcl


****** Vivado v2018.2 (64-bit)
  **** SW Build 2258646 on Thu Jun 14 20:02:38 MDT 2018
  **** IP Build 2256618 on Thu Jun 14 22:10:49 MDT 2018
    ** Copyright 1986-2018 Xilinx, Inc. All Rights Reserved.

source hw_wrapper.tcl -notrace
Command: synth_design -top hw_wrapper -part xc7z010clg400-1
Starting synth_design
Attempting to get a license for feature 'Synthesis' and/or device 'xc7z010'
INFO: [Common 17-349] Got license for feature 'Synthesis' and/or device 'xc7z010'
INFO: Launching helper process for spawning children vivado processes
INFO: Helper process launched with PID 12463 
WARNING: [Synth 8-2611] redeclaration of ansi port q is not allowed [/home/comparch/CompArch_HW/Lab0/lab0/lab0.srcs/sources_1/imports/Desktop/bringup.v:7]
---------------------------------------------------------------------------------
Starting RTL Elaboration : Time (s): cpu = 00:00:02 ; elapsed = 00:00:08 . Memory (MB): peak = 1257.730 ; gain = 72.273 ; free physical = 117 ; free virtual = 2795
---------------------------------------------------------------------------------
INFO: [Synth 8-6157] synthesizing module 'hw_wrapper' [/home/comparch/CompArch_HW/Lab0/lab0/lab0.srcs/sources_1/imports/Desktop/bringup.v:13]
INFO: [Synth 8-6157] synthesizing module 'dff4' [/home/comparch/CompArch_HW/Lab0/lab0/lab0.srcs/sources_1/imports/Desktop/bringup.v:2]
INFO: [Synth 8-6155] done synthesizing module 'dff4' (1#1) [/home/comparch/CompArch_HW/Lab0/lab0/lab0.srcs/sources_1/imports/Desktop/bringup.v:2]
INFO: [Synth 8-6155] done synthesizing module 'hw_wrapper' (2#1) [/home/comparch/CompArch_HW/Lab0/lab0/lab0.srcs/sources_1/imports/Desktop/bringup.v:13]
---------------------------------------------------------------------------------
Finished RTL Elaboration : Time (s): cpu = 00:00:03 ; elapsed = 00:00:09 . Memory (MB): peak = 1285.980 ; gain = 100.523 ; free physical = 161 ; free virtual = 2817
---------------------------------------------------------------------------------

Report Check Netlist: 
+------+------------------+-------+---------+-------+------------------+
|      |Item              |Errors |Warnings |Status |Description       |
+------+------------------+-------+---------+-------+------------------+
|1     |multi_driven_nets |      0|        0|Passed |Multi driven nets |
+------+------------------+-------+---------+-------+------------------+
---------------------------------------------------------------------------------
Start Handling Custom Attributes
---------------------------------------------------------------------------------
---------------------------------------------------------------------------------
Finished Handling Custom Attributes : Time (s): cpu = 00:00:03 ; elapsed = 00:00:10 . Memory (MB): peak = 1285.980 ; gain = 100.523 ; free physical = 156 ; free virtual = 2812
---------------------------------------------------------------------------------
---------------------------------------------------------------------------------
Finished RTL Optimization Phase 1 : Time (s): cpu = 00:00:03 ; elapsed = 00:00:10 . Memory (MB): peak = 1285.980 ; gain = 100.523 ; free physical = 156 ; free virtual = 2812
---------------------------------------------------------------------------------
INFO: [Device 21-403] Loading part xc7z010clg400-1
INFO: [Project 1-570] Preparing netlist for logic optimization

Processing XDC Constraints
Initializing timing engine
Parsing XDC File [/home/comparch/CompArch_HW/Lab0/lab0/lab0.srcs/constrs_1/imports/Desktop/ZYBO_Master.xdc]
Finished Parsing XDC File [/home/comparch/CompArch_HW/Lab0/lab0/lab0.srcs/constrs_1/imports/Desktop/ZYBO_Master.xdc]
INFO: [Project 1-236] Implementation specific constraints were found while reading constraint file [/home/comparch/CompArch_HW/Lab0/lab0/lab0.srcs/constrs_1/imports/Desktop/ZYBO_Master.xdc]. These constraints will be ignored for synthesis but will be used in implementation. Impacted constraints are listed in the file [.Xil/hw_wrapper_propImpl.xdc].
Resolution: To avoid this warning, move constraints listed in [.Xil/hw_wrapper_propImpl.xdc] to another XDC file and exclude this new file from synthesis with the used_in_synthesis property (File Properties dialog in GUI) and re-run elaboration/synthesis.
Completed Processing XDC Constraints

INFO: [Project 1-111] Unisim Transformation Summary:
No Unisim elements were transformed.

Constraint Validation Runtime : Time (s): cpu = 00:00:00 ; elapsed = 00:00:00 . Memory (MB): peak = 1522.078 ; gain = 0.000 ; free physical = 125 ; free virtual = 2581
---------------------------------------------------------------------------------
Finished Constraint Validation : Time (s): cpu = 00:00:13 ; elapsed = 00:01:10 . Memory (MB): peak = 1522.078 ; gain = 336.621 ; free physical = 196 ; free virtual = 2652
---------------------------------------------------------------------------------
---------------------------------------------------------------------------------
Start Loading Part and Timing Information
---------------------------------------------------------------------------------
Loading part: xc7z010clg400-1
---------------------------------------------------------------------------------
Finished Loading Part and Timing Information : Time (s): cpu = 00:00:13 ; elapsed = 00:01:10 . Memory (MB): peak = 1522.078 ; gain = 336.621 ; free physical = 196 ; free virtual = 2652
---------------------------------------------------------------------------------
---------------------------------------------------------------------------------
Start Applying 'set_property' XDC Constraints
---------------------------------------------------------------------------------
---------------------------------------------------------------------------------
Finished applying 'set_property' XDC Constraints : Time (s): cpu = 00:00:13 ; elapsed = 00:01:10 . Memory (MB): peak = 1522.078 ; gain = 336.621 ; free physical = 198 ; free virtual = 2654
---------------------------------------------------------------------------------
---------------------------------------------------------------------------------
Finished RTL Optimization Phase 2 : Time (s): cpu = 00:00:14 ; elapsed = 00:01:10 . Memory (MB): peak = 1522.078 ; gain = 336.621 ; free physical = 197 ; free virtual = 2654
---------------------------------------------------------------------------------

Report RTL Partitions: 
+-+--------------+------------+----------+
| |RTL Partition |Replication |Instances |
+-+--------------+------------+----------+
+-+--------------+------------+----------+
---------------------------------------------------------------------------------
Start RTL Component Statistics 
---------------------------------------------------------------------------------
Detailed RTL Component Info : 
+---Registers : 
	                4 Bit    Registers := 1     
---------------------------------------------------------------------------------
Finished RTL Component Statistics 
---------------------------------------------------------------------------------
---------------------------------------------------------------------------------
Start RTL Hierarchical Component Statistics 
---------------------------------------------------------------------------------
Hierarchical RTL Component report 
Module dff4 
Detailed RTL Component Info : 
+---Registers : 
	                4 Bit    Registers := 1     
---------------------------------------------------------------------------------
Finished RTL Hierarchical Component Statistics
---------------------------------------------------------------------------------
---------------------------------------------------------------------------------
Start Part Resource Summary
---------------------------------------------------------------------------------
Part Resources:
DSPs: 80 (col length:40)
BRAMs: 120 (col length: RAMB18 40 RAMB36 20)
---------------------------------------------------------------------------------
Finished Part Resource Summary
---------------------------------------------------------------------------------
---------------------------------------------------------------------------------
Start Cross Boundary and Area Optimization
---------------------------------------------------------------------------------
Warning: Parallel synthesis criteria is not met 
---------------------------------------------------------------------------------
Finished Cross Boundary and Area Optimization : Time (s): cpu = 00:00:14 ; elapsed = 00:01:11 . Memory (MB): peak = 1522.078 ; gain = 336.621 ; free physical = 195 ; free virtual = 2653
---------------------------------------------------------------------------------

Report RTL Partitions: 
+-+--------------+------------+----------+
| |RTL Partition |Replication |Instances |
+-+--------------+------------+----------+
+-+--------------+------------+----------+
---------------------------------------------------------------------------------
Start Applying XDC Timing Constraints
---------------------------------------------------------------------------------
---------------------------------------------------------------------------------
Finished Applying XDC Timing Constraints : Time (s): cpu = 00:00:21 ; elapsed = 00:01:31 . Memory (MB): peak = 1546.078 ; gain = 360.621 ; free physical = 113 ; free virtual = 2528
---------------------------------------------------------------------------------
---------------------------------------------------------------------------------
Start Timing Optimization
---------------------------------------------------------------------------------
---------------------------------------------------------------------------------
Finished Timing Optimization : Time (s): cpu = 00:00:21 ; elapsed = 00:01:31 . Memory (MB): peak = 1546.078 ; gain = 360.621 ; free physical = 113 ; free virtual = 2528
---------------------------------------------------------------------------------

Report RTL Partitions: 
+-+--------------+------------+----------+
| |RTL Partition |Replication |Instances |
+-+--------------+------------+----------+
+-+--------------+------------+----------+
---------------------------------------------------------------------------------
Start Technology Mapping
---------------------------------------------------------------------------------
---------------------------------------------------------------------------------
Finished Technology Mapping : Time (s): cpu = 00:00:21 ; elapsed = 00:01:31 . Memory (MB): peak = 1546.078 ; gain = 360.621 ; free physical = 113 ; free virtual = 2528
---------------------------------------------------------------------------------

Report RTL Partitions: 
+-+--------------+------------+----------+
| |RTL Partition |Replication |Instances |
+-+--------------+------------+----------+
+-+--------------+------------+----------+
---------------------------------------------------------------------------------
Start IO Insertion
---------------------------------------------------------------------------------
---------------------------------------------------------------------------------
Start Flattening Before IO Insertion
---------------------------------------------------------------------------------
---------------------------------------------------------------------------------
Finished Flattening Before IO Insertion
---------------------------------------------------------------------------------
---------------------------------------------------------------------------------
Start Final Netlist Cleanup
---------------------------------------------------------------------------------
---------------------------------------------------------------------------------
Finished Final Netlist Cleanup
---------------------------------------------------------------------------------
---------------------------------------------------------------------------------
Finished IO Insertion : Time (s): cpu = 00:00:21 ; elapsed = 00:01:32 . Memory (MB): peak = 1546.078 ; gain = 360.621 ; free physical = 112 ; free virtual = 2527
---------------------------------------------------------------------------------

Report Check Netlist: 
+------+------------------+-------+---------+-------+------------------+
|      |Item              |Errors |Warnings |Status |Description       |
+------+------------------+-------+---------+-------+------------------+
|1     |multi_driven_nets |      0|        0|Passed |Multi driven nets |
+------+------------------+-------+---------+-------+------------------+
---------------------------------------------------------------------------------
Start Renaming Generated Instances
---------------------------------------------------------------------------------
---------------------------------------------------------------------------------
Finished Renaming Generated Instances : Time (s): cpu = 00:00:21 ; elapsed = 00:01:33 . Memory (MB): peak = 1546.078 ; gain = 360.621 ; free physical = 112 ; free virtual = 2527
---------------------------------------------------------------------------------

Report RTL Partitions: 
+-+--------------+------------+----------+
| |RTL Partition |Replication |Instances |
+-+--------------+------------+----------+
+-+--------------+------------+----------+
---------------------------------------------------------------------------------
Start Rebuilding User Hierarchy
---------------------------------------------------------------------------------
---------------------------------------------------------------------------------
Finished Rebuilding User Hierarchy : Time (s): cpu = 00:00:21 ; elapsed = 00:01:33 . Memory (MB): peak = 1546.078 ; gain = 360.621 ; free physical = 112 ; free virtual = 2527
---------------------------------------------------------------------------------
---------------------------------------------------------------------------------
Start Renaming Generated Ports
---------------------------------------------------------------------------------
---------------------------------------------------------------------------------
Finished Renaming Generated Ports : Time (s): cpu = 00:00:21 ; elapsed = 00:01:33 . Memory (MB): peak = 1546.078 ; gain = 360.621 ; free physical = 112 ; free virtual = 2527
---------------------------------------------------------------------------------
---------------------------------------------------------------------------------
Start Handling Custom Attributes
---------------------------------------------------------------------------------
---------------------------------------------------------------------------------
Finished Handling Custom Attributes : Time (s): cpu = 00:00:21 ; elapsed = 00:01:33 . Memory (MB): peak = 1546.078 ; gain = 360.621 ; free physical = 112 ; free virtual = 2527
---------------------------------------------------------------------------------
---------------------------------------------------------------------------------
Start Renaming Generated Nets
---------------------------------------------------------------------------------
---------------------------------------------------------------------------------
Finished Renaming Generated Nets : Time (s): cpu = 00:00:21 ; elapsed = 00:01:33 . Memory (MB): peak = 1546.078 ; gain = 360.621 ; free physical = 112 ; free virtual = 2527
---------------------------------------------------------------------------------
---------------------------------------------------------------------------------
Start Writing Synthesis Report
---------------------------------------------------------------------------------

Report BlackBoxes: 
+-+--------------+----------+
| |BlackBox name |Instances |
+-+--------------+----------+
+-+--------------+----------+

Report Cell Usage: 
+------+-----+------+
|      |Cell |Count |
+------+-----+------+
|1     |BUFG |     1|
|2     |FDRE |     4|
|3     |IBUF |     5|
|4     |OBUF |     4|
+------+-----+------+

Report Instance Areas: 
+------+---------+-------+------+
|      |Instance |Module |Cells |
+------+---------+-------+------+
|1     |top      |       |    14|
|2     |  device |dff4   |     4|
+------+---------+-------+------+
---------------------------------------------------------------------------------
Finished Writing Synthesis Report : Time (s): cpu = 00:00:21 ; elapsed = 00:01:33 . Memory (MB): peak = 1546.078 ; gain = 360.621 ; free physical = 112 ; free virtual = 2527
---------------------------------------------------------------------------------
Synthesis finished with 0 errors, 0 critical warnings and 0 warnings.
Synthesis Optimization Runtime : Time (s): cpu = 00:00:13 ; elapsed = 00:00:38 . Memory (MB): peak = 1546.078 ; gain = 124.523 ; free physical = 170 ; free virtual = 2585
Synthesis Optimization Complete : Time (s): cpu = 00:00:21 ; elapsed = 00:01:33 . Memory (MB): peak = 1546.086 ; gain = 360.621 ; free physical = 182 ; free virtual = 2597
INFO: [Project 1-571] Translating synthesized netlist
INFO: [Netlist 29-17] Analyzing 5 Unisim elements for replacement
INFO: [Netlist 29-28] Unisim Transformation completed in 0 CPU seconds
INFO: [Project 1-570] Preparing netlist for logic optimization
INFO: [Opt 31-138] Pushed 0 inverter(s) to 0 load pin(s).
INFO: [Project 1-111] Unisim Transformation Summary:
No Unisim elements were transformed.

INFO: [Common 17-83] Releasing license: Synthesis
16 Infos, 1 Warnings, 0 Critical Warnings and 0 Errors encountered.
synth_design completed successfully
synth_design: Time (s): cpu = 00:00:23 ; elapsed = 00:01:35 . Memory (MB): peak = 1561.078 ; gain = 375.723 ; free physical = 156 ; free virtual = 2572
WARNING: [Constraints 18-5210] No constraint will be written out.
INFO: [Common 17-1381] The checkpoint '/home/comparch/CompArch_HW/Lab0/lab0/lab0.runs/synth_1/hw_wrapper.dcp' has been generated.
INFO: [runtcl-4] Executing : report_utilization -file hw_wrapper_utilization_synth.rpt -pb hw_wrapper_utilization_synth.pb
report_utilization: Time (s): cpu = 00:00:00.07 ; elapsed = 00:00:00.20 . Memory (MB): peak = 1561.078 ; gain = 0.000 ; free physical = 156 ; free virtual = 2574
INFO: [Common 17-206] Exiting Vivado at Tue Sep 25 20:23:11 2018...
